                                                                                
                       === npm audit security report ===                        
                                                                                
# Run  npm update fill-range --depth 13  to resolve 28 vulnerabilities
┌───────────────┬──────────────────────────────────────────────────────────────┐
│ Low           │ Cryptographically Weak PRNG                                  │
├───────────────┼──────────────────────────────────────────────────────────────┤
│ Package       │ randomatic                                                   │
├───────────────┼──────────────────────────────────────────────────────────────┤
│ Dependency of │ openlayers                                                   │
├───────────────┼──────────────────────────────────────────────────────────────┤
│ Path          │ openlayers > rollup-plugin-cleanup > rollup-pluginutils >    │
│               │ micromatch > braces > expand-range > fill-range > randomatic │
├───────────────┼──────────────────────────────────────────────────────────────┤
│ More info     │ https://nodesecurity.io/advisories/157                       │
└───────────────┴──────────────────────────────────────────────────────────────┘


┌───────────────┬──────────────────────────────────────────────────────────────┐
│ Low           │ Cryptographically Weak PRNG                                  │
├───────────────┼──────────────────────────────────────────────────────────────┤
│ Package       │ randomatic                                                   │
├───────────────┼──────────────────────────────────────────────────────────────┤
│ Dependency of │ openlayers                                                   │
├───────────────┼──────────────────────────────────────────────────────────────┤
│ Path          │ openlayers > rollup-plugin-commonjs > rollup-pluginutils >   │
│               │ micromatch > braces > expand-range > fill-range > randomatic │
├───────────────┼──────────────────────────────────────────────────────────────┤
│ More info     │ https://nodesecurity.io/advisories/157                       │
└───────────────┴──────────────────────────────────────────────────────────────┘


┌───────────────┬──────────────────────────────────────────────────────────────┐
│ Low           │ Cryptographically Weak PRNG                                  │
├───────────────┼──────────────────────────────────────────────────────────────┤
│ Package       │ randomatic                                                   │
├───────────────┼──────────────────────────────────────────────────────────────┤
│ Dependency of │ react-scripts                                                │
├───────────────┼──────────────────────────────────────────────────────────────┤
│ Path          │ react-scripts > jest > jest-cli > jest-config >              │
│               │ jest-environment-jsdom > jest-util > jest-message-util >     │
│               │ micromatch > braces > expand-range > fill-range > randomatic │
├───────────────┼──────────────────────────────────────────────────────────────┤
│ More info     │ https://nodesecurity.io/advisories/157                       │
└───────────────┴──────────────────────────────────────────────────────────────┘


┌───────────────┬──────────────────────────────────────────────────────────────┐
│ Low           │ Cryptographically Weak PRNG                                  │
├───────────────┼──────────────────────────────────────────────────────────────┤
│ Package       │ randomatic                                                   │
├───────────────┼──────────────────────────────────────────────────────────────┤
│ Dependency of │ react-scripts                                                │
├───────────────┼──────────────────────────────────────────────────────────────┤
│ Path          │ react-scripts > jest > jest-cli > jest-config >              │
│               │ jest-environment-node > jest-util > jest-message-util >      │
│               │ micromatch > braces > expand-range > fill-range > randomatic │
├───────────────┼──────────────────────────────────────────────────────────────┤
│ More info     │ https://nodesecurity.io/advisories/157                       │
└───────────────┴──────────────────────────────────────────────────────────────┘


┌───────────────┬──────────────────────────────────────────────────────────────┐
│ Low           │ Cryptographically Weak PRNG                                  │
├───────────────┼──────────────────────────────────────────────────────────────┤
│ Package       │ randomatic                                                   │
├───────────────┼──────────────────────────────────────────────────────────────┤
│ Dependency of │ react-scripts                                                │
├───────────────┼──────────────────────────────────────────────────────────────┤
│ Path          │ react-scripts > jest > jest-cli > jest-config >              │
│               │ jest-jasmine2 > jest-matchers > jest-message-util >          │
│               │ micromatch > braces > expand-range > fill-range > randomatic │
├───────────────┼──────────────────────────────────────────────────────────────┤
│ More info     │ https://nodesecurity.io/advisories/157                       │
└───────────────┴──────────────────────────────────────────────────────────────┘


┌───────────────┬──────────────────────────────────────────────────────────────┐
│ Low           │ Cryptographically Weak PRNG                                  │
├───────────────┼──────────────────────────────────────────────────────────────┤
│ Package       │ randomatic                                                   │
├───────────────┼──────────────────────────────────────────────────────────────┤
│ Dependency of │ react-scripts                                                │
├───────────────┼──────────────────────────────────────────────────────────────┤
│ Path          │ react-scripts > jest > jest-cli > jest-config >              │
│               │ jest-jasmine2 > jest-message-util > micromatch > braces >    │
│               │ expand-range > fill-range > randomatic                       │
├───────────────┼──────────────────────────────────────────────────────────────┤
│ More info     │ https://nodesecurity.io/advisories/157                       │
└───────────────┴──────────────────────────────────────────────────────────────┘


┌───────────────┬──────────────────────────────────────────────────────────────┐
│ Low           │ Cryptographically Weak PRNG                                  │
├───────────────┼──────────────────────────────────────────────────────────────┤
│ Package       │ randomatic                                                   │
├───────────────┼──────────────────────────────────────────────────────────────┤
│ Dependency of │ react-scripts                                                │
├───────────────┼──────────────────────────────────────────────────────────────┤
│ Path          │ react-scripts > jest > jest-cli > jest-config >              │
│               │ jest-jasmine2 > jest-snapshot > jest-util >                  │
│               │ jest-message-util > micromatch > braces > expand-range >     │
│               │ fill-range > randomatic                                      │
├───────────────┼──────────────────────────────────────────────────────────────┤
│ More info     │ https://nodesecurity.io/advisories/157                       │
└───────────────┴──────────────────────────────────────────────────────────────┘


┌───────────────┬──────────────────────────────────────────────────────────────┐
│ Low           │ Cryptographically Weak PRNG                                  │
├───────────────┼──────────────────────────────────────────────────────────────┤
│ Package       │ randomatic                                                   │
├───────────────┼──────────────────────────────────────────────────────────────┤
│ Dependency of │ react-scripts                                                │
├───────────────┼──────────────────────────────────────────────────────────────┤
│ Path          │ react-scripts > jest > jest-cli > jest-environment-jsdom >   │
│               │ jest-util > jest-message-util > micromatch > braces >        │
│               │ expand-range > fill-range > randomatic                       │
├───────────────┼──────────────────────────────────────────────────────────────┤
│ More info     │ https://nodesecurity.io/advisories/157                       │
└───────────────┴──────────────────────────────────────────────────────────────┘


┌───────────────┬──────────────────────────────────────────────────────────────┐
│ Low           │ Cryptographically Weak PRNG                                  │
├───────────────┼──────────────────────────────────────────────────────────────┤
│ Package       │ randomatic                                                   │
├───────────────┼──────────────────────────────────────────────────────────────┤
│ Dependency of │ react-scripts                                                │
├───────────────┼──────────────────────────────────────────────────────────────┤
│ Path          │ react-scripts > jest > jest-cli > jest-haste-map >           │
│               │ micromatch > braces > expand-range > fill-range > randomatic │
├───────────────┼──────────────────────────────────────────────────────────────┤
│ More info     │ https://nodesecurity.io/advisories/157                       │
└───────────────┴──────────────────────────────────────────────────────────────┘


┌───────────────┬──────────────────────────────────────────────────────────────┐
│ Low           │ Cryptographically Weak PRNG                                  │
├───────────────┼──────────────────────────────────────────────────────────────┤
│ Package       │ randomatic                                                   │
├───────────────┼──────────────────────────────────────────────────────────────┤
│ Dependency of │ react-scripts                                                │
├───────────────┼──────────────────────────────────────────────────────────────┤
│ Path          │ react-scripts > jest > jest-cli > jest-haste-map > sane >    │
│               │ anymatch > micromatch > braces > expand-range > fill-range > │
│               │ randomatic                                                   │
├───────────────┼──────────────────────────────────────────────────────────────┤
│ More info     │ https://nodesecurity.io/advisories/157                       │
└───────────────┴──────────────────────────────────────────────────────────────┘


┌───────────────┬──────────────────────────────────────────────────────────────┐
│ Low           │ Cryptographically Weak PRNG                                  │
├───────────────┼──────────────────────────────────────────────────────────────┤
│ Package       │ randomatic                                                   │
├───────────────┼──────────────────────────────────────────────────────────────┤
│ Dependency of │ react-scripts                                                │
├───────────────┼──────────────────────────────────────────────────────────────┤
│ Path          │ react-scripts > jest > jest-cli > jest-jasmine2 >            │
│               │ jest-matchers > jest-message-util > micromatch > braces >    │
│               │ expand-range > fill-range > randomatic                       │
├───────────────┼──────────────────────────────────────────────────────────────┤
│ More info     │ https://nodesecurity.io/advisories/157                       │
└───────────────┴──────────────────────────────────────────────────────────────┘


┌───────────────┬──────────────────────────────────────────────────────────────┐
│ Low           │ Cryptographically Weak PRNG                                  │
├───────────────┼──────────────────────────────────────────────────────────────┤
│ Package       │ randomatic                                                   │
├───────────────┼──────────────────────────────────────────────────────────────┤
│ Dependency of │ react-scripts                                                │
├───────────────┼──────────────────────────────────────────────────────────────┤
│ Path          │ react-scripts > jest > jest-cli > jest-jasmine2 >            │
│               │ jest-message-util > micromatch > braces > expand-range >     │
│               │ fill-range > randomatic                                      │
├───────────────┼──────────────────────────────────────────────────────────────┤
│ More info     │ https://nodesecurity.io/advisories/157                       │
└───────────────┴──────────────────────────────────────────────────────────────┘


┌───────────────┬──────────────────────────────────────────────────────────────┐
│ Low           │ Cryptographically Weak PRNG                                  │
├───────────────┼──────────────────────────────────────────────────────────────┤
│ Package       │ randomatic                                                   │
├───────────────┼──────────────────────────────────────────────────────────────┤
│ Dependency of │ react-scripts                                                │
├───────────────┼──────────────────────────────────────────────────────────────┤
│ Path          │ react-scripts > jest > jest-cli > jest-jasmine2 >            │
│               │ jest-snapshot > jest-util > jest-message-util > micromatch > │
│               │ braces > expand-range > fill-range > randomatic              │
├───────────────┼──────────────────────────────────────────────────────────────┤
│ More info     │ https://nodesecurity.io/advisories/157                       │
└───────────────┴──────────────────────────────────────────────────────────────┘


┌───────────────┬──────────────────────────────────────────────────────────────┐
│ Low           │ Cryptographically Weak PRNG                                  │
├───────────────┼──────────────────────────────────────────────────────────────┤
│ Package       │ randomatic                                                   │
├───────────────┼──────────────────────────────────────────────────────────────┤
│ Dependency of │ react-scripts                                                │
├───────────────┼──────────────────────────────────────────────────────────────┤
│ Path          │ react-scripts > jest > jest-cli > jest-message-util >        │
│               │ micromatch > braces > expand-range > fill-range > randomatic │
├───────────────┼──────────────────────────────────────────────────────────────┤
│ More info     │ https://nodesecurity.io/advisories/157                       │
└───────────────┴──────────────────────────────────────────────────────────────┘


┌───────────────┬──────────────────────────────────────────────────────────────┐
│ Low           │ Cryptographically Weak PRNG                                  │
├───────────────┼──────────────────────────────────────────────────────────────┤
│ Package       │ randomatic                                                   │
├───────────────┼──────────────────────────────────────────────────────────────┤
│ Dependency of │ react-scripts                                                │
├───────────────┼──────────────────────────────────────────────────────────────┤
│ Path          │ react-scripts > jest > jest-cli > jest-runtime > jest-config │
│               │ > jest-environment-jsdom > jest-util > jest-message-util >   │
│               │ micromatch > braces > expand-range > fill-range > randomatic │
├───────────────┼──────────────────────────────────────────────────────────────┤
│ More info     │ https://nodesecurity.io/advisories/157                       │
└───────────────┴──────────────────────────────────────────────────────────────┘


┌───────────────┬──────────────────────────────────────────────────────────────┐
│ Low           │ Cryptographically Weak PRNG                                  │
├───────────────┼──────────────────────────────────────────────────────────────┤
│ Package       │ randomatic                                                   │
├───────────────┼──────────────────────────────────────────────────────────────┤
│ Dependency of │ react-scripts                                                │
├───────────────┼──────────────────────────────────────────────────────────────┤
│ Path          │ react-scripts > jest > jest-cli > jest-runtime > jest-config │
│               │ > jest-environment-node > jest-util > jest-message-util >    │
│               │ micromatch > braces > expand-range > fill-range > randomatic │
├───────────────┼──────────────────────────────────────────────────────────────┤
│ More info     │ https://nodesecurity.io/advisories/157                       │
└───────────────┴──────────────────────────────────────────────────────────────┘


┌───────────────┬──────────────────────────────────────────────────────────────┐
│ Low           │ Cryptographically Weak PRNG                                  │
├───────────────┼──────────────────────────────────────────────────────────────┤
│ Package       │ randomatic                                                   │
├───────────────┼──────────────────────────────────────────────────────────────┤
│ Dependency of │ react-scripts                                                │
├───────────────┼──────────────────────────────────────────────────────────────┤
│ Path          │ react-scripts > jest > jest-cli > jest-runtime > jest-config │
│               │ > jest-jasmine2 > jest-matchers > jest-message-util >        │
│               │ micromatch > braces > expand-range > fill-range > randomatic │
├───────────────┼──────────────────────────────────────────────────────────────┤
│ More info     │ https://nodesecurity.io/advisories/157                       │
└───────────────┴──────────────────────────────────────────────────────────────┘


┌───────────────┬──────────────────────────────────────────────────────────────┐
│ Low           │ Cryptographically Weak PRNG                                  │
├───────────────┼──────────────────────────────────────────────────────────────┤
│ Package       │ randomatic                                                   │
├───────────────┼──────────────────────────────────────────────────────────────┤
│ Dependency of │ react-scripts                                                │
├───────────────┼──────────────────────────────────────────────────────────────┤
│ Path          │ react-scripts > jest > jest-cli > jest-runtime > jest-config │
│               │ > jest-jasmine2 > jest-message-util > micromatch > braces >  │
│               │ expand-range > fill-range > randomatic                       │
├───────────────┼──────────────────────────────────────────────────────────────┤
│ More info     │ https://nodesecurity.io/advisories/157                       │
└───────────────┴──────────────────────────────────────────────────────────────┘


┌───────────────┬──────────────────────────────────────────────────────────────┐
│ Low           │ Cryptographically Weak PRNG                                  │
├───────────────┼──────────────────────────────────────────────────────────────┤
│ Package       │ randomatic                                                   │
├───────────────┼──────────────────────────────────────────────────────────────┤
│ Dependency of │ react-scripts                                                │
├───────────────┼──────────────────────────────────────────────────────────────┤
│ Path          │ react-scripts > jest > jest-cli > jest-runtime > jest-config │
│               │ > jest-jasmine2 > jest-snapshot > jest-util >                │
│               │ jest-message-util > micromatch > braces > expand-range >     │
│               │ fill-range > randomatic                                      │
├───────────────┼──────────────────────────────────────────────────────────────┤
│ More info     │ https://nodesecurity.io/advisories/157                       │
└───────────────┴──────────────────────────────────────────────────────────────┘


┌───────────────┬──────────────────────────────────────────────────────────────┐
│ Low           │ Cryptographically Weak PRNG                                  │
├───────────────┼──────────────────────────────────────────────────────────────┤
│ Package       │ randomatic                                                   │
├───────────────┼──────────────────────────────────────────────────────────────┤
│ Dependency of │ react-scripts                                                │
├───────────────┼──────────────────────────────────────────────────────────────┤
│ Path          │ react-scripts > jest > jest-cli > jest-runtime >             │
│               │ jest-haste-map > micromatch > braces > expand-range >        │
│               │ fill-range > randomatic                                      │
├───────────────┼──────────────────────────────────────────────────────────────┤
│ More info     │ https://nodesecurity.io/advisories/157                       │
└───────────────┴──────────────────────────────────────────────────────────────┘


┌───────────────┬──────────────────────────────────────────────────────────────┐
│ Low           │ Cryptographically Weak PRNG                                  │
├───────────────┼──────────────────────────────────────────────────────────────┤
│ Package       │ randomatic                                                   │
├───────────────┼──────────────────────────────────────────────────────────────┤
│ Dependency of │ react-scripts                                                │
├───────────────┼──────────────────────────────────────────────────────────────┤
│ Path          │ react-scripts > jest > jest-cli > jest-runtime >             │
│               │ jest-haste-map > sane > anymatch > micromatch > braces >     │
│               │ expand-range > fill-range > randomatic                       │
├───────────────┼──────────────────────────────────────────────────────────────┤
│ More info     │ https://nodesecurity.io/advisories/157                       │
└───────────────┴──────────────────────────────────────────────────────────────┘


┌───────────────┬──────────────────────────────────────────────────────────────┐
│ Low           │ Cryptographically Weak PRNG                                  │
├───────────────┼──────────────────────────────────────────────────────────────┤
│ Package       │ randomatic                                                   │
├───────────────┼──────────────────────────────────────────────────────────────┤
│ Dependency of │ react-scripts                                                │
├───────────────┼──────────────────────────────────────────────────────────────┤
│ Path          │ react-scripts > jest > jest-cli > jest-runtime > jest-util > │
│               │ jest-message-util > micromatch > braces > expand-range >     │
│               │ fill-range > randomatic                                      │
├───────────────┼──────────────────────────────────────────────────────────────┤
│ More info     │ https://nodesecurity.io/advisories/157                       │
└───────────────┴──────────────────────────────────────────────────────────────┘


┌───────────────┬──────────────────────────────────────────────────────────────┐
│ Low           │ Cryptographically Weak PRNG                                  │
├───────────────┼──────────────────────────────────────────────────────────────┤
│ Package       │ randomatic                                                   │
├───────────────┼──────────────────────────────────────────────────────────────┤
│ Dependency of │ react-scripts                                                │
├───────────────┼──────────────────────────────────────────────────────────────┤
│ Path          │ react-scripts > jest > jest-cli > jest-runtime > micromatch  │
│               │ > braces > expand-range > fill-range > randomatic            │
├───────────────┼──────────────────────────────────────────────────────────────┤
│ More info     │ https://nodesecurity.io/advisories/157                       │
└───────────────┴──────────────────────────────────────────────────────────────┘


┌───────────────┬──────────────────────────────────────────────────────────────┐
│ Low           │ Cryptographically Weak PRNG                                  │
├───────────────┼──────────────────────────────────────────────────────────────┤
│ Package       │ randomatic                                                   │
├───────────────┼──────────────────────────────────────────────────────────────┤
│ Dependency of │ react-scripts                                                │
├───────────────┼──────────────────────────────────────────────────────────────┤
│ Path          │ react-scripts > jest > jest-cli > jest-snapshot > jest-util  │
│               │ > jest-message-util > micromatch > braces > expand-range >   │
│               │ fill-range > randomatic                                      │
├───────────────┼──────────────────────────────────────────────────────────────┤
│ More info     │ https://nodesecurity.io/advisories/157                       │
└───────────────┴──────────────────────────────────────────────────────────────┘


┌───────────────┬──────────────────────────────────────────────────────────────┐
│ Low           │ Cryptographically Weak PRNG                                  │
├───────────────┼──────────────────────────────────────────────────────────────┤
│ Package       │ randomatic                                                   │
├───────────────┼──────────────────────────────────────────────────────────────┤
│ Dependency of │ react-scripts                                                │
├───────────────┼──────────────────────────────────────────────────────────────┤
│ Path          │ react-scripts > jest > jest-cli > jest-util >                │
│               │ jest-message-util > micromatch > braces > expand-range >     │
│               │ fill-range > randomatic                                      │
├───────────────┼──────────────────────────────────────────────────────────────┤
│ More info     │ https://nodesecurity.io/advisories/157                       │
└───────────────┴──────────────────────────────────────────────────────────────┘


┌───────────────┬──────────────────────────────────────────────────────────────┐
│ Low           │ Cryptographically Weak PRNG                                  │
├───────────────┼──────────────────────────────────────────────────────────────┤
│ Package       │ randomatic                                                   │
├───────────────┼──────────────────────────────────────────────────────────────┤
│ Dependency of │ react-scripts                                                │
├───────────────┼──────────────────────────────────────────────────────────────┤
│ Path          │ react-scripts > jest > jest-cli > micromatch > braces >      │
│               │ expand-range > fill-range > randomatic                       │
├───────────────┼──────────────────────────────────────────────────────────────┤
│ More info     │ https://nodesecurity.io/advisories/157                       │
└───────────────┴──────────────────────────────────────────────────────────────┘


┌───────────────┬──────────────────────────────────────────────────────────────┐
│ Low           │ Cryptographically Weak PRNG                                  │
├───────────────┼──────────────────────────────────────────────────────────────┤
│ Package       │ randomatic                                                   │
├───────────────┼──────────────────────────────────────────────────────────────┤
│ Dependency of │ react-scripts                                                │
├───────────────┼──────────────────────────────────────────────────────────────┤
│ Path          │ react-scripts > webpack-dev-server > chokidar > anymatch >   │
│               │ micromatch > braces > expand-range > fill-range > randomatic │
├───────────────┼──────────────────────────────────────────────────────────────┤
│ More info     │ https://nodesecurity.io/advisories/157                       │
└───────────────┴──────────────────────────────────────────────────────────────┘


┌───────────────┬──────────────────────────────────────────────────────────────┐
│ Low           │ Cryptographically Weak PRNG                                  │
├───────────────┼──────────────────────────────────────────────────────────────┤
│ Package       │ randomatic                                                   │
├───────────────┼──────────────────────────────────────────────────────────────┤
│ Dependency of │ react-scripts                                                │
├───────────────┼──────────────────────────────────────────────────────────────┤
│ Path          │ react-scripts > webpack-dev-server > http-proxy-middleware > │
│               │ micromatch > braces > expand-range > fill-range > randomatic │
├───────────────┼──────────────────────────────────────────────────────────────┤
│ More info     │ https://nodesecurity.io/advisories/157                       │
└───────────────┴──────────────────────────────────────────────────────────────┘


# Run  npm update fsevents --depth 5  to resolve 3 vulnerabilities
┌───────────────┬──────────────────────────────────────────────────────────────┐
│ Low           │ Prototype Pollution                                          │
├───────────────┼──────────────────────────────────────────────────────────────┤
│ Package       │ deep-extend                                                  │
├───────────────┼──────────────────────────────────────────────────────────────┤
│ Dependency of │ react-scripts                                                │
├───────────────┼──────────────────────────────────────────────────────────────┤
│ Path          │ react-scripts > fsevents > node-pre-gyp > rc > deep-extend   │
├───────────────┼──────────────────────────────────────────────────────────────┤
│ More info     │ https://nodesecurity.io/advisories/612                       │
└───────────────┴──────────────────────────────────────────────────────────────┘


┌───────────────┬──────────────────────────────────────────────────────────────┐
│ Low           │ Prototype Pollution                                          │
├───────────────┼──────────────────────────────────────────────────────────────┤
│ Package       │ deep-extend                                                  │
├───────────────┼──────────────────────────────────────────────────────────────┤
│ Dependency of │ react-scripts                                                │
├───────────────┼──────────────────────────────────────────────────────────────┤
│ Path          │ react-scripts > webpack > watchpack > chokidar > fsevents >  │
│               │ node-pre-gyp > rc > deep-extend                              │
├───────────────┼──────────────────────────────────────────────────────────────┤
│ More info     │ https://nodesecurity.io/advisories/612                       │
└───────────────┴──────────────────────────────────────────────────────────────┘


┌───────────────┬──────────────────────────────────────────────────────────────┐
│ Low           │ Prototype Pollution                                          │
├───────────────┼──────────────────────────────────────────────────────────────┤
│ Package       │ deep-extend                                                  │
├───────────────┼──────────────────────────────────────────────────────────────┤
│ Dependency of │ react-scripts                                                │
├───────────────┼──────────────────────────────────────────────────────────────┤
│ Path          │ react-scripts > webpack-dev-server > chokidar > fsevents >   │
│               │ node-pre-gyp > rc > deep-extend                              │
├───────────────┼──────────────────────────────────────────────────────────────┤
│ More info     │ https://nodesecurity.io/advisories/612                       │
└───────────────┴──────────────────────────────────────────────────────────────┘


┌──────────────────────────────────────────────────────────────────────────────┐
│                                Manual Review                                 │
│            Some vulnerabilities require your attention to resolve            │
│                                                                              │
│         Visit https://go.npm.me/audit-guide for additional guidance          │
└──────────────────────────────────────────────────────────────────────────────┘
┌───────────────┬──────────────────────────────────────────────────────────────┐
│ Moderate      │ Prototype pollution                                          │
├───────────────┼──────────────────────────────────────────────────────────────┤
│ Package       │ hoek                                                         │
├───────────────┼──────────────────────────────────────────────────────────────┤
│ Patched in    │ > 4.2.0 < 5.0.0 || >= 5.0.3                                  │
├───────────────┼──────────────────────────────────────────────────────────────┤
│ Dependency of │ openlayers                                                   │
├───────────────┼──────────────────────────────────────────────────────────────┤
│ Path          │ openlayers > closure-util > get-down > request > hawk > boom │
│               │ > hoek                                                       │
├───────────────┼──────────────────────────────────────────────────────────────┤
│ More info     │ https://nodesecurity.io/advisories/566                       │
└───────────────┴──────────────────────────────────────────────────────────────┘
┌───────────────┬──────────────────────────────────────────────────────────────┐
│ Moderate      │ Prototype pollution                                          │
├───────────────┼──────────────────────────────────────────────────────────────┤
│ Package       │ hoek                                                         │
├───────────────┼──────────────────────────────────────────────────────────────┤
│ Patched in    │ > 4.2.0 < 5.0.0 || >= 5.0.3                                  │
├───────────────┼──────────────────────────────────────────────────────────────┤
│ Dependency of │ openlayers                                                   │
├───────────────┼──────────────────────────────────────────────────────────────┤
│ Path          │ openlayers > closure-util > get-down > request > hawk >      │
│               │ cryptiles > boom > hoek                                      │
├───────────────┼──────────────────────────────────────────────────────────────┤
│ More info     │ https://nodesecurity.io/advisories/566                       │
└───────────────┴──────────────────────────────────────────────────────────────┘
┌───────────────┬──────────────────────────────────────────────────────────────┐
│ Moderate      │ Prototype pollution                                          │
├───────────────┼──────────────────────────────────────────────────────────────┤
│ Package       │ hoek                                                         │
├───────────────┼──────────────────────────────────────────────────────────────┤
│ Patched in    │ > 4.2.0 < 5.0.0 || >= 5.0.3                                  │
├───────────────┼──────────────────────────────────────────────────────────────┤
│ Dependency of │ openlayers                                                   │
├───────────────┼──────────────────────────────────────────────────────────────┤
│ Path          │ openlayers > closure-util > get-down > request > hawk > hoek │
├───────────────┼──────────────────────────────────────────────────────────────┤
│ More info     │ https://nodesecurity.io/advisories/566                       │
└───────────────┴──────────────────────────────────────────────────────────────┘
┌───────────────┬──────────────────────────────────────────────────────────────┐
│ Moderate      │ Prototype pollution                                          │
├───────────────┼──────────────────────────────────────────────────────────────┤
│ Package       │ hoek                                                         │
├───────────────┼──────────────────────────────────────────────────────────────┤
│ Patched in    │ > 4.2.0 < 5.0.0 || >= 5.0.3                                  │
├───────────────┼──────────────────────────────────────────────────────────────┤
│ Dependency of │ openlayers                                                   │
├───────────────┼──────────────────────────────────────────────────────────────┤
│ Path          │ openlayers > closure-util > get-down > request > hawk > sntp │
│               │ > hoek                                                       │
├───────────────┼──────────────────────────────────────────────────────────────┤
│ More info     │ https://nodesecurity.io/advisories/566                       │
└───────────────┴──────────────────────────────────────────────────────────────┘
┌───────────────┬──────────────────────────────────────────────────────────────┐
│ High          │ Downloads Resources over HTTP                                │
├───────────────┼──────────────────────────────────────────────────────────────┤
│ Package       │ closure-util                                                 │
├───────────────┼──────────────────────────────────────────────────────────────┤
│ Patched in    │ No patch available                                           │
├───────────────┼──────────────────────────────────────────────────────────────┤
│ Dependency of │ openlayers                                                   │
├───────────────┼──────────────────────────────────────────────────────────────┤
│ Path          │ openlayers > closure-util                                    │
├───────────────┼──────────────────────────────────────────────────────────────┤
│ More info     │ https://nodesecurity.io/advisories/165                       │
└───────────────┴──────────────────────────────────────────────────────────────┘
┌───────────────┬──────────────────────────────────────────────────────────────┐
│ Low           │ Prototype Pollution                                          │
├───────────────┼──────────────────────────────────────────────────────────────┤
│ Package       │ lodash                                                       │
├───────────────┼──────────────────────────────────────────────────────────────┤
│ Patched in    │ >=4.17.5                                                     │
├───────────────┼──────────────────────────────────────────────────────────────┤
│ Dependency of │ openlayers                                                   │
├───────────────┼──────────────────────────────────────────────────────────────┤
│ Path          │ openlayers > closure-util > lodash                           │
├───────────────┼──────────────────────────────────────────────────────────────┤
│ More info     │ https://nodesecurity.io/advisories/577                       │
└───────────────┴──────────────────────────────────────────────────────────────┘

[!] 37 vulnerabilities found - Packages audited: 15005 (37 dev, 361 optional)
    Severity: 32 Low | 4 Moderate | 1 High

